14:59:14.539 [main] INFO  factory.BaseClass - the user successfully navigating to the Giftcard page... 
14:59:17.579 [main] INFO  factory.BaseClass - the user selects Birthday/Aniversary occasion... 
14:59:17.630 [main] INFO  factory.BaseClass - user enters the amount {string} in amount section and selects valid inputs... 
14:59:17.818 [main] INFO  factory.BaseClass - user clicks next button... 
14:59:17.921 [main] INFO  factory.BaseClass - User passes values from excel.. 
14:59:18.881 [main] INFO  factory.BaseClass - User clicks submit button.. 
14:59:34.989 [main] INFO  factory.BaseClass - User checks page is visible ?.. 
14:59:45.050 [main] INFO  factory.BaseClass - the user successfully navigating to the Giftcard page... 
14:59:48.388 [main] INFO  factory.BaseClass - the user selects Birthday/Aniversary occasion... 
14:59:48.458 [main] INFO  factory.BaseClass - user enters the amount {string} in amount section and selects valid inputs... 
14:59:48.594 [main] INFO  factory.BaseClass - user clicks next button... 
14:59:48.692 [main] INFO  factory.BaseClass - User passes values from excel.. 
14:59:49.608 [main] INFO  factory.BaseClass - User clicks submit button.. 
15:00:05.696 [main] INFO  factory.BaseClass - User checks page is visible ?.. 
15:00:16.347 [main] INFO  factory.BaseClass - search for bookshelves... 
15:00:21.505 [main] INFO  factory.BaseClass - select kids category... 
15:00:24.126 [main] INFO  factory.BaseClass - select in stock... 
15:00:26.212 [main] INFO  factory.BaseClass - priority high to low... 
15:00:26.416 [main] INFO  factory.BaseClass - Print the first three bookshelves... 
15:00:39.610 [main] INFO  factory.BaseClass - Hover mouse to living... 
15:00:42.819 [main] INFO  factory.BaseClass - sub menus should be appeared and print it... 
