23:28:42.650 [main] INFO  factory.BaseClass - sub menus should be appeared and print it... 
14:55:12.881 [main] INFO  factory.BaseClass - the user is in Bookshelves page... 
14:55:12.997 [main] INFO  factory.BaseClass - the user enters the invalid input as search {string}... 
14:55:24.250 [main] INFO  factory.BaseClass - the user is in Bookshelves page... 
14:55:24.368 [main] INFO  factory.BaseClass - the user enters the input as search {string}... 
14:55:35.172 [main] INFO  factory.BaseClass - the user is in Bookshelves page... 
14:55:35.290 [main] INFO  factory.BaseClass - the user enters the input as search {string}... 
14:55:37.015 [main] INFO  factory.BaseClass - user close the authentication popup... 
14:55:49.196 [main] INFO  factory.BaseClass - the user is in Bookshelves page... 
14:55:49.340 [main] INFO  factory.BaseClass - the user enters the input as search {string}... 
14:55:51.353 [main] INFO  factory.BaseClass - user close the authentication popup... 
14:55:54.375 [main] INFO  factory.BaseClass - user set the category... 
14:55:56.958 [main] INFO  factory.BaseClass - user set price in dropdown... 
14:56:06.069 [main] INFO  factory.BaseClass - the user is in Bookshelves page... 
14:56:06.199 [main] INFO  factory.BaseClass - the user enters the input as search {string}... 
14:56:07.984 [main] INFO  factory.BaseClass - user close the authentication popup... 
14:56:11.009 [main] INFO  factory.BaseClass - user set the category... 
14:56:13.561 [main] INFO  factory.BaseClass - user set price in dropdown... 
14:56:13.771 [main] INFO  factory.BaseClass - user get the first three items name and price in console... 
14:56:23.296 [main] INFO  factory.BaseClass - the user scrolls up to Header... 
14:56:31.167 [main] INFO  factory.BaseClass - User clicks on living storage header... 
14:56:34.352 [main] INFO  factory.BaseClass - the user scrolls up to Header... 
14:56:43.905 [main] INFO  factory.BaseClass - the user clicks on table section... 
14:56:44.189 [main] INFO  factory.BaseClass - the user scrolls up to Header... 
14:56:55.618 [main] INFO  factory.BaseClass - the user scrolls up to Header... 
14:56:55.727 [main] INFO  factory.BaseClass - User clicks on living storage header... 
14:56:58.907 [main] INFO  factory.BaseClass - User extracts all items under living storage... 
14:57:08.082 [main] INFO  factory.BaseClass - the user successfully navigating to the Giftcard page... 
14:57:21.596 [main] INFO  factory.BaseClass - the user successfully navigating to the Giftcard page... 
14:57:24.144 [main] INFO  factory.BaseClass - the user selects Birthday/Aniversary occasion... 
14:57:33.731 [main] INFO  factory.BaseClass - the user successfully navigating to the Giftcard page... 
14:57:36.263 [main] INFO  factory.BaseClass - the user selects Birthday/Aniversary occasion... 
14:57:36.328 [main] INFO  factory.BaseClass - user enters the amount {string} in amount section and selects invalid inputs... 
14:57:36.450 [main] INFO  factory.BaseClass - user clicks next button... 
14:57:46.442 [main] INFO  factory.BaseClass - the user successfully navigating to the Giftcard page... 
14:57:49.259 [main] INFO  factory.BaseClass - the user selects Birthday/Aniversary occasion... 
14:57:49.316 [main] INFO  factory.BaseClass - user clicks next button... 
14:57:59.098 [main] INFO  factory.BaseClass - the user successfully navigating to the Giftcard page... 
14:58:01.755 [main] INFO  factory.BaseClass - the user selects Birthday/Aniversary occasion... 
14:58:01.820 [main] INFO  factory.BaseClass - user enters the amount {string} in amount section and selects valid inputs... 
14:58:01.975 [main] INFO  factory.BaseClass - user clicks next button... 
14:58:11.890 [main] INFO  factory.BaseClass - the user successfully navigating to the Giftcard page... 
14:58:14.906 [main] INFO  factory.BaseClass - the user selects Birthday/Aniversary occasion... 
14:58:14.950 [main] INFO  factory.BaseClass - user enters the amount {string} in amount section and selects valid inputs... 
14:58:15.227 [main] INFO  factory.BaseClass - user clicks next button... 
14:58:15.359 [main] INFO  factory.BaseClass - User passes value from excel.. 
14:58:17.049 [main] INFO  factory.BaseClass - User clicks submit button.. 
14:58:33.136 [main] INFO  factory.BaseClass - User checks page is visible ?.. 
14:58:44.163 [main] INFO  factory.BaseClass - the user successfully navigating to the Giftcard page... 
14:58:47.105 [main] INFO  factory.BaseClass - the user selects Birthday/Aniversary occasion... 
14:58:47.147 [main] INFO  factory.BaseClass - user enters the amount {string} in amount section and selects valid inputs... 
14:58:47.304 [main] INFO  factory.BaseClass - user clicks next button... 
14:58:47.413 [main] INFO  factory.BaseClass - User passes values from excel.. 
14:58:48.379 [main] INFO  factory.BaseClass - User clicks submit button.. 
14:59:04.480 [main] INFO  factory.BaseClass - User checks page is visible ?.. 
