23:24:53.785 [main] INFO  factory.BaseClass - the user scrolls up to Header... 
23:25:01.988 [main] INFO  factory.BaseClass - User clicks on living storage header... 
23:25:05.179 [main] INFO  factory.BaseClass - the user scrolls up to Header... 
23:25:13.662 [main] INFO  factory.BaseClass - the user clicks on table section... 
23:25:13.906 [main] INFO  factory.BaseClass - the user scrolls up to Header... 
23:25:23.738 [main] INFO  factory.BaseClass - the user scrolls up to Header... 
23:25:23.853 [main] INFO  factory.BaseClass - User clicks on living storage header... 
23:25:27.168 [main] INFO  factory.BaseClass - User extracts all items under living storage... 
23:25:34.962 [main] INFO  factory.BaseClass - the user successfully navigating to the Giftcard page... 
23:25:44.376 [main] INFO  factory.BaseClass - the user successfully navigating to the Giftcard page... 
23:25:46.489 [main] INFO  factory.BaseClass - the user selects Birthday/Aniversary occasion... 
23:25:55.455 [main] INFO  factory.BaseClass - the user successfully navigating to the Giftcard page... 
23:25:57.053 [main] INFO  factory.BaseClass - the user selects Birthday/Aniversary occasion... 
23:25:57.109 [main] INFO  factory.BaseClass - user enters the amount {string} in amount section and selects invalid inputs... 
23:25:57.222 [main] INFO  factory.BaseClass - user clicks next button... 
23:26:05.149 [main] INFO  factory.BaseClass - the user successfully navigating to the Giftcard page... 
23:26:06.783 [main] INFO  factory.BaseClass - the user selects Birthday/Aniversary occasion... 
23:26:06.839 [main] INFO  factory.BaseClass - user clicks next button... 
23:26:14.672 [main] INFO  factory.BaseClass - the user successfully navigating to the Giftcard page... 
23:26:16.447 [main] INFO  factory.BaseClass - the user selects Birthday/Aniversary occasion... 
23:26:16.536 [main] INFO  factory.BaseClass - user enters the amount {string} in amount section and selects valid inputs... 
23:26:16.825 [main] INFO  factory.BaseClass - user clicks next button... 
23:26:25.368 [main] INFO  factory.BaseClass - the user successfully navigating to the Giftcard page... 
23:26:27.150 [main] INFO  factory.BaseClass - the user selects Birthday/Aniversary occasion... 
23:26:27.276 [main] INFO  factory.BaseClass - user enters the amount {string} in amount section and selects valid inputs... 
23:26:27.647 [main] INFO  factory.BaseClass - user clicks next button... 
23:26:27.854 [main] INFO  factory.BaseClass - User passes value from excel.. 
23:26:29.852 [main] INFO  factory.BaseClass - User clicks submit button.. 
23:26:46.011 [main] INFO  factory.BaseClass - User checks page is visible ?.. 
23:26:55.073 [main] INFO  factory.BaseClass - the user successfully navigating to the Giftcard page... 
23:26:56.603 [main] INFO  factory.BaseClass - the user selects Birthday/Aniversary occasion... 
23:26:56.747 [main] INFO  factory.BaseClass - user enters the amount {string} in amount section and selects valid inputs... 
23:26:56.945 [main] INFO  factory.BaseClass - user clicks next button... 
23:26:57.101 [main] INFO  factory.BaseClass - User passes values from excel.. 
23:26:58.282 [main] INFO  factory.BaseClass - User clicks submit button.. 
23:27:14.397 [main] INFO  factory.BaseClass - User checks page is visible ?.. 
23:27:23.030 [main] INFO  factory.BaseClass - the user successfully navigating to the Giftcard page... 
23:27:24.873 [main] INFO  factory.BaseClass - the user selects Birthday/Aniversary occasion... 
23:27:24.938 [main] INFO  factory.BaseClass - user enters the amount {string} in amount section and selects valid inputs... 
23:27:25.176 [main] INFO  factory.BaseClass - user clicks next button... 
23:27:25.300 [main] INFO  factory.BaseClass - User passes values from excel.. 
23:27:26.333 [main] INFO  factory.BaseClass - User clicks submit button.. 
23:27:42.486 [main] INFO  factory.BaseClass - User checks page is visible ?.. 
23:27:51.130 [main] INFO  factory.BaseClass - the user successfully navigating to the Giftcard page... 
23:27:52.809 [main] INFO  factory.BaseClass - the user selects Birthday/Aniversary occasion... 
23:27:52.901 [main] INFO  factory.BaseClass - user enters the amount {string} in amount section and selects valid inputs... 
23:27:53.136 [main] INFO  factory.BaseClass - user clicks next button... 
23:27:53.330 [main] INFO  factory.BaseClass - User passes values from excel.. 
23:27:54.336 [main] INFO  factory.BaseClass - User clicks submit button.. 
23:28:10.436 [main] INFO  factory.BaseClass - User checks page is visible ?.. 
23:28:19.162 [main] INFO  factory.BaseClass - search for bookshelves... 
23:28:24.606 [main] INFO  factory.BaseClass - select kids category... 
23:28:27.187 [main] INFO  factory.BaseClass - select in stock... 
23:28:29.348 [main] INFO  factory.BaseClass - priority high to low... 
23:28:29.643 [main] INFO  factory.BaseClass - Print the first three bookshelves... 
23:28:39.464 [main] INFO  factory.BaseClass - Hover mouse to living... 
